\BOOKMARK [1][-]{section.1}{\376\377\000O\000v\000e\000r\000v\000i\000e\000w\000\040\000a\000n\000d\000\040\000O\000b\000j\000e\000c\000t\000i\000v\000e\000s}{}% 1
\BOOKMARK [1][-]{section.2}{\376\377\000L\000i\000t\000e\000r\000a\000t\000u\000r\000e\000\040\000C\000o\000n\000t\000e\000x\000t\000\040\000a\000n\000d\000\040\000C\000r\000i\000t\000i\000q\000u\000e}{}% 2
\BOOKMARK [2][-]{subsection.2.1}{\376\377\000K\000e\000y\000\040\000r\000e\000f\000e\000r\000e\000n\000c\000e\000s}{section.2}% 3
\BOOKMARK [2][-]{subsection.2.2}{\376\377\000F\000i\000n\000d\000i\000n\000g\000s\000\040\000f\000r\000o\000m\000\040\000t\000h\000e\000\040\000r\000e\000v\000i\000e\000w}{section.2}% 4
\BOOKMARK [1][-]{section.3}{\376\377\000P\000h\000y\000s\000i\000c\000a\000l\000\040\000B\000a\000c\000k\000g\000r\000o\000u\000n\000d}{}% 5
\BOOKMARK [2][-]{subsection.3.1}{\376\377\000P\000h\000o\000t\000o\000l\000u\000m\000i\000n\000e\000s\000c\000e\000n\000c\000e\000\040\000c\000h\000a\000n\000n\000e\000l\000s\000\040\000i\000n\000\040\000m\000e\000t\000a\000l\000s}{section.3}% 6
\BOOKMARK [2][-]{subsection.3.2}{\376\377\000E\000n\000e\000r\000g\000y\000\040\000a\000n\000d\000\040\000m\000o\000m\000e\000n\000t\000u\000m\000\040\000c\000o\000n\000s\000e\000r\000v\000a\000t\000i\000o\000n}{section.3}% 7
\BOOKMARK [2][-]{subsection.3.3}{\376\377\000G\000o\000l\000d\000\040\000b\000a\000n\000d\000\040\000s\000t\000r\000u\000c\000t\000u\000r\000e\000\040\000\050\000w\000o\000r\000k\000i\000n\000g\000\040\000m\000o\000d\000e\000l\000\051}{section.3}% 8
\BOOKMARK [1][-]{section.4}{\376\377\000E\000m\000i\000s\000s\000i\000o\000n\000\040\000F\000o\000r\000m\000a\000l\000i\000s\000m}{}% 9
\BOOKMARK [2][-]{subsection.4.1}{\376\377\000G\000e\000n\000e\000r\000a\000l\000\040\000k\000-\000s\000p\000a\000c\000e\000\040\000e\000x\000p\000r\000e\000s\000s\000i\000o\000n}{section.4}% 10
\BOOKMARK [2][-]{subsection.4.2}{\376\377\000E\000n\000e\000r\000g\000y\000-\000s\000p\000a\000c\000e\000\040\000r\000e\000d\000u\000c\000t\000i\000o\000n\000\040\000f\000o\000r\000\040\000i\000s\000o\000t\000r\000o\000p\000i\000c\000\040\000b\000a\000n\000d\000s}{section.4}% 11
\BOOKMARK [2][-]{subsection.4.3}{\376\377\000J\000o\000i\000n\000t\000\040\000d\000e\000n\000s\000i\000t\000y\000\040\000f\000a\000c\000t\000o\000r}{section.4}% 12
\BOOKMARK [1][-]{section.5}{\376\377\000S\000u\000p\000p\000o\000r\000t\000i\000n\000g\000\040\000D\000e\000r\000i\000v\000a\000t\000i\000o\000n\000s}{}% 13
\BOOKMARK [2][-]{subsection.5.1}{\376\377\000E\000l\000e\000c\000t\000r\000o\000n\000i\000c\000\040\000d\000e\000n\000s\000i\000t\000y\000\040\000o\000f\000\040\000s\000t\000a\000t\000e\000s\000\040\000\050\000A\0002\000\051}{section.5}% 14
\BOOKMARK [2][-]{subsection.5.2}{\376\377\000C\000h\000a\000n\000g\000e\000\040\000o\000f\000\040\000v\000a\000r\000i\000a\000b\000l\000e\000s\000\040\000f\000o\000r\000\040\000a\000n\000i\000s\000o\000t\000r\000o\000p\000i\000c\000\040\000e\000l\000l\000i\000p\000s\000o\000i\000d\000s}{section.5}% 15
\BOOKMARK [2][-]{subsection.5.3}{\376\377\000D\000e\000l\000t\000a\000-\000f\000u\000n\000c\000t\000i\000o\000n\000\040\000a\000p\000p\000r\000o\000x\000i\000m\000a\000t\000i\000o\000n}{section.5}% 16
\BOOKMARK [2][-]{subsection.5.4}{\376\377\000Q\000u\000a\000n\000t\000u\000m\000\040\000B\000o\000l\000t\000z\000m\000a\000n\000n\000\040\000e\000q\000u\000a\000t\000i\000o\000n\000\040\000a\000n\000d\000\040\000n\000o\000n\000-\000e\000q\000u\000i\000l\000i\000b\000r\000i\000u\000m\000\040\000d\000i\000s\000t\000r\000i\000b\000u\000t\000i\000o\000n}{section.5}% 17
\BOOKMARK [1][-]{section.6}{\376\377\000N\000u\000m\000e\000r\000i\000c\000a\000l\000\040\000M\000e\000t\000h\000o\000d\000o\000l\000o\000g\000y}{}% 18
\BOOKMARK [2][-]{subsection.6.1}{\376\377\000D\000i\000s\000c\000r\000e\000t\000i\000z\000a\000t\000i\000o\000n\000\040\000c\000h\000o\000i\000c\000e\000s}{section.6}% 19
\BOOKMARK [2][-]{subsection.6.2}{\376\377\000S\000o\000f\000t\000w\000a\000r\000e\000\040\000s\000t\000a\000c\000k}{section.6}% 20
\BOOKMARK [2][-]{subsection.6.3}{\376\377\000C\000o\000n\000v\000e\000r\000g\000e\000n\000c\000e\000\040\000s\000t\000r\000a\000t\000e\000g\000y\000\040\000f\000o\000r\000\040\000G\000a\000u\000s\000s\000i\000a\000n\000\040\000d\000e\000l\000t\000a\000s}{section.6}% 21
\BOOKMARK [1][-]{section.7}{\376\377\000I\000n\000t\000r\000a\000b\000a\000n\000d\000\040\000E\000m\000i\000s\000s\000i\000o\000n\000\040\000\050\000C\000o\000m\000p\000l\000e\000t\000e\000d\000\051}{}% 22
\BOOKMARK [2][-]{subsection.7.1}{\376\377\000E\000q\000u\000i\000l\000i\000b\000r\000i\000u\000m\000\040\000a\000n\000a\000l\000y\000t\000i\000c\000\040\000r\000e\000s\000u\000l\000t}{section.7}% 23
\BOOKMARK [2][-]{subsection.7.2}{\376\377\000N\000u\000m\000e\000r\000i\000c\000\040\000b\000e\000n\000c\000h\000m\000a\000r\000k\000s}{section.7}% 24
\BOOKMARK [2][-]{subsection.7.3}{\376\377\000N\000o\000n\000-\000e\000q\000u\000i\000l\000i\000b\000r\000i\000u\000m\000\040\000i\000n\000t\000r\000a\000b\000a\000n\000d\000\040\000s\000p\000e\000c\000t\000r\000a}{section.7}% 25
\BOOKMARK [1][-]{section.8}{\376\377\000R\000e\000s\000u\000l\000t\000s\000\040\000a\000n\000d\000\040\000C\000o\000m\000p\000a\000r\000i\000s\000o\000n\000s}{}% 26
\BOOKMARK [2][-]{subsection.8.1}{\376\377\000E\000q\000u\000i\000l\000i\000b\000r\000i\000u\000m\000\040\000i\000n\000t\000r\000a\000b\000a\000n\000d\000\040\000b\000e\000n\000c\000h\000m\000a\000r\000k\000s}{section.8}% 27
\BOOKMARK [2][-]{subsection.8.2}{\376\377\000N\000o\000n\000-\000e\000q\000u\000i\000l\000i\000b\000r\000i\000u\000m\000\040\000e\000n\000h\000a\000n\000c\000e\000m\000e\000n\000t}{section.8}% 28
\BOOKMARK [2][-]{subsection.8.3}{\376\377\000G\000a\000u\000s\000s\000i\000a\000n\000\040\000d\000e\000l\000t\000a\000\040\000c\000o\000n\000v\000e\000r\000g\000e\000n\000c\000e}{section.8}% 29
\BOOKMARK [2][-]{subsection.8.4}{\376\377\000M\000o\000m\000e\000n\000t\000u\000m\000\040\000c\000o\000n\000s\000e\000r\000v\000a\000t\000i\000o\000n\000\040\000d\000i\000s\000c\000u\000s\000s\000i\000o\000n}{section.8}% 30
\BOOKMARK [1][-]{section.9}{\376\377\000D\000e\000t\000a\000i\000l\000e\000d\000\040\000I\000n\000t\000r\000a\000b\000a\000n\000d\000\040\000D\000e\000r\000i\000v\000a\000t\000i\000o\000n\000s}{}% 31
\BOOKMARK [2][-]{subsection.9.1}{\376\377\000S\000t\000e\000p\000-\000b\000y\000-\000s\000t\000e\000p\000\040\000e\000q\000u\000i\000l\000i\000b\000r\000i\000u\000m\000\040\000c\000a\000l\000c\000u\000l\000a\000t\000i\000o\000n}{section.9}% 32
\BOOKMARK [2][-]{subsection.9.2}{\376\377\000S\000t\000e\000p\000-\000b\000y\000-\000s\000t\000e\000p\000\040\000n\000o\000n\000-\000e\000q\000u\000i\000l\000i\000b\000r\000i\000u\000m\000\040\000c\000a\000l\000c\000u\000l\000a\000t\000i\000o\000n}{section.9}% 33
\BOOKMARK [2][-]{subsection.9.3}{\376\377\000M\000o\000m\000e\000n\000t\000u\000m\000-\000s\000p\000a\000c\000e\000\040\000i\000n\000t\000r\000a\000b\000a\000n\000d\000\040\000c\000r\000o\000s\000s\000-\000c\000h\000e\000c\000k}{section.9}% 34
\BOOKMARK [1][-]{section.10}{\376\377\000P\000a\000r\000a\000m\000e\000t\000e\000r\000\040\000S\000e\000n\000s\000i\000t\000i\000v\000i\000t\000y\000\040\000a\000n\000d\000\040\000P\000h\000y\000s\000i\000c\000a\000l\000\040\000T\000r\000e\000n\000d\000s}{}% 35
\BOOKMARK [2][-]{subsection.10.1}{\376\377\000T\000e\000m\000p\000e\000r\000a\000t\000u\000r\000e\000\040\000d\000e\000p\000e\000n\000d\000e\000n\000c\000e}{section.10}% 36
\BOOKMARK [2][-]{subsection.10.2}{\376\377\000P\000u\000m\000p\000\040\000p\000h\000o\000t\000o\000n\000\040\000e\000n\000e\000r\000g\000y\000\040\000L}{section.10}% 37
\BOOKMARK [2][-]{subsection.10.3}{\376\377\000P\000u\000m\000p\000\040\000i\000n\000t\000e\000n\000s\000i\000t\000y\000\040\000\050\000t\000h\000r\000o\000u\000g\000h\000\040\000E\000\051}{section.10}% 38
\BOOKMARK [2][-]{subsection.10.4}{\376\377\000E\000f\000f\000e\000c\000t\000\040\000o\000f\000\040\000t\000h\000e\000\040\000d\000e\000n\000s\000i\000t\000y\000\040\000o\000f\000\040\000s\000t\000a\000t\000e\000s}{section.10}% 39
\BOOKMARK [1][-]{section.11}{\376\377\000E\000x\000p\000e\000r\000i\000m\000e\000n\000t\000a\000l\000\040\000A\000l\000i\000g\000n\000m\000e\000n\000t\000\040\000a\000n\000d\000\040\000D\000a\000t\000a\000\040\000N\000e\000e\000d\000s}{}% 40
\BOOKMARK [1][-]{section.12}{\376\377\000T\000h\000e\000s\000i\000s\000\040\000S\000t\000r\000u\000c\000t\000u\000r\000e\000\040\000O\000u\000t\000l\000i\000n\000e}{}% 41
\BOOKMARK [1][-]{section.13}{\376\377\000I\000n\000t\000e\000r\000b\000a\000n\000d\000\040\000E\000m\000i\000s\000s\000i\000o\000n\000\040\000\050\000O\000n\000g\000o\000i\000n\000g\000\051}{}% 42
\BOOKMARK [2][-]{subsection.13.1}{\376\377\000V\000a\000l\000l\000e\000y\000-\000s\000p\000e\000c\000i\000f\000i\000c\000\040\000f\000o\000r\000m\000u\000l\000a\000t\000i\000o\000n\000s}{section.13}% 43
\BOOKMARK [2][-]{subsection.13.2}{\376\377\000I\000s\000o\000t\000r\000o\000p\000i\000z\000a\000t\000i\000o\000n\000\040\000v\000i\000a\000\040\000E\000q\000.\000\040\000\050\0006\000\051}{section.13}% 44
\BOOKMARK [2][-]{subsection.13.3}{\376\377\000N\000o\000n\000-\000e\000q\000u\000i\000l\000i\000b\000r\000i\000u\000m\000\040\000e\000x\000t\000e\000n\000s\000i\000o\000n}{section.13}% 45
\BOOKMARK [2][-]{subsection.13.4}{\376\377\000E\000x\000p\000e\000c\000t\000e\000d\000\040\000s\000p\000e\000c\000t\000r\000a\000l\000\040\000f\000e\000a\000t\000u\000r\000e\000s}{section.13}% 46
\BOOKMARK [1][-]{section.14}{\376\377\000N\000u\000m\000e\000r\000i\000c\000a\000l\000\040\000I\000m\000p\000l\000e\000m\000e\000n\000t\000a\000t\000i\000o\000n\000\040\000a\000n\000d\000\040\000R\000e\000p\000r\000o\000d\000u\000c\000i\000b\000i\000l\000i\000t\000y}{}% 47
\BOOKMARK [1][-]{section.15}{\376\377\000C\000o\000r\000r\000e\000c\000t\000i\000o\000n\000s\000\040\000a\000n\000d\000\040\000I\000n\000s\000i\000g\000h\000t\000s}{}% 48
\BOOKMARK [1][-]{section.16}{\376\377\000O\000p\000e\000n\000\040\000Q\000u\000e\000s\000t\000i\000o\000n\000s\000\040\000f\000o\000r\000\040\000A\000d\000v\000i\000s\000o\000r}{}% 49
\BOOKMARK [1][-]{section.17}{\376\377\000R\000o\000a\000d\000m\000a\000p\000\040\000t\000o\000\040\000C\000o\000m\000p\000l\000e\000t\000i\000o\000n}{}% 50
\BOOKMARK [1][-]{appendix.A}{\376\377\000D\000e\000r\000i\000v\000a\000t\000i\000o\000n\000\040\000o\000f\000\040\000t\000h\000e\000\040\000G\000e\000n\000e\000r\000a\000l\000\040\000E\000m\000i\000s\000s\000i\000o\000n\000\040\000I\000n\000t\000e\000g\000r\000a\000l\000\040\000\050\000A\0001\000\051}{}% 51
\BOOKMARK [1][-]{appendix.B}{\376\377\000D\000e\000l\000t\000a\000\040\000A\000p\000p\000r\000o\000x\000i\000m\000a\000t\000i\000o\000n\000\040\000D\000e\000t\000a\000i\000l\000s}{}% 52
\BOOKMARK [1][-]{appendix.C}{\376\377\000P\000h\000o\000t\000o\000n\000\040\000A\000b\000s\000o\000r\000p\000t\000i\000o\000n\000\040\000a\000n\000d\000\040\000M\000o\000m\000e\000n\000t\000u\000m}{}% 53
\BOOKMARK [1][-]{appendix.D}{\376\377\000N\000o\000n\000-\000e\000q\000u\000i\000l\000i\000b\000r\000i\000u\000m\000\040\000D\000i\000s\000t\000r\000i\000b\000u\000t\000i\000o\000n\000\040\000N\000o\000t\000e\000s}{}% 54
